<?xml version="1.0" encoding="UTF-8"?>
<Site BuildName="Win32-mingw32-make"
	BuildStamp="20251226-0025-Experimental"
	Name="MSI"
	Generator="ctest-4.2.1"
	CompilerName="C:/msys64/ucrt64/bin/g++.exe"
	CompilerVersion="14.2.0"
	OSName="Windows"
	Hostname="MSI"
	OSRelease="10.0.26200"
	OSVersion="Windows 10"
	OSPlatform="AMD64"
	Is64Bits="1"
	VendorString="AuthenticAMD"
	VendorID="Advanced Micro Devices"
	FamilyID="15"
	ModelID="0"
	ModelName="AMD Ryzen 7 5800H with Radeon Graphics"
	ProcessorCacheSize="64"
	NumberOfLogicalCPU="16"
	NumberOfPhysicalCPU="8"
	TotalVirtualMemory="23224"
	TotalPhysicalMemory="15753"
	LogicalProcessorsPerPhysical="2"
	ProcessorClockFrequency="3201"
	>
	<Testing>
		<StartDateTime>Dec 26 16:26 Central Standard Time</StartDateTime>
		<StartTestTime>1766788000</StartTestTime>
		<TestList/>
		<EndDateTime>Dec 26 16:26 Central Standard Time</EndDateTime>
		<EndTestTime>1766788000</EndTestTime>
		<ElapsedMinutes>0</ElapsedMinutes>
	</Testing>
</Site>
